<?xml version="1.0" encoding="UTF-8"?>
<testsuite xmlns:xsi="http://www.w3.org/2001/XMLSchema-instance" xsi:noNamespaceSchemaLocation="https://maven.apache.org/surefire/maven-surefire-plugin/xsd/surefire-test-report-3.0.xsd" version="3.0" name="TestSuite" time="13.226" tests="8" errors="0" skipped="0" failures="0">
  <properties>
    <property name="java.specification.version" value="21"/>
    <property name="sun.cpu.isalist" value="amd64"/>
    <property name="sun.jnu.encoding" value="Cp1252"/>
    <property name="java.class.path" value="C:\Joy Lunia\restAssuredTrainingWorkspace\RestAssuredFrameworkForPetStore\target\test-classes;C:\Joy Lunia\restAssuredTrainingWorkspace\RestAssuredFrameworkForPetStore\target\classes;C:\Users\jay_l\.m2\repository\io\rest-assured\rest-assured\5.3.2\rest-assured-5.3.2.jar;C:\Users\jay_l\.m2\repository\org\apache\groovy\groovy\4.0.11\groovy-4.0.11.jar;C:\Users\jay_l\.m2\repository\org\apache\groovy\groovy-xml\4.0.11\groovy-xml-4.0.11.jar;C:\Users\jay_l\.m2\repository\org\apache\httpcomponents\httpclient\4.5.13\httpclient-4.5.13.jar;C:\Users\jay_l\.m2\repository\org\apache\httpcomponents\httpcore\4.4.13\httpcore-4.4.13.jar;C:\Users\jay_l\.m2\repository\commons-logging\commons-logging\1.2\commons-logging-1.2.jar;C:\Users\jay_l\.m2\repository\org\apache\httpcomponents\httpmime\4.5.13\httpmime-4.5.13.jar;C:\Users\jay_l\.m2\repository\org\hamcrest\hamcrest\2.2\hamcrest-2.2.jar;C:\Users\jay_l\.m2\repository\org\ccil\cowan\tagsoup\tagsoup\1.2.1\tagsoup-1.2.1.jar;C:\Users\jay_l\.m2\repository\io\rest-assured\json-path\5.3.2\json-path-5.3.2.jar;C:\Users\jay_l\.m2\repository\org\apache\groovy\groovy-json\4.0.11\groovy-json-4.0.11.jar;C:\Users\jay_l\.m2\repository\io\rest-assured\rest-assured-common\5.3.2\rest-assured-common-5.3.2.jar;C:\Users\jay_l\.m2\repository\io\rest-assured\xml-path\5.3.2\xml-path-5.3.2.jar;C:\Users\jay_l\.m2\repository\io\rest-assured\json-schema-validator\5.3.2\json-schema-validator-5.3.2.jar;C:\Users\jay_l\.m2\repository\com\github\java-json-tools\json-schema-validator\2.2.14\json-schema-validator-2.2.14.jar;C:\Users\jay_l\.m2\repository\com\github\java-json-tools\jackson-coreutils-equivalence\1.0\jackson-coreutils-equivalence-1.0.jar;C:\Users\jay_l\.m2\repository\com\fasterxml\jackson\core\jackson-databind\2.11.0\jackson-databind-2.11.0.jar;C:\Users\jay_l\.m2\repository\com\fasterxml\jackson\core\jackson-annotations\2.11.0\jackson-annotations-2.11.0.jar;C:\Users\jay_l\.m2\repository\com\fasterxml\jackson\core\jackson-core\2.11.0\jackson-core-2.11.0.jar;C:\Users\jay_l\.m2\repository\com\github\java-json-tools\jackson-coreutils\2.0\jackson-coreutils-2.0.jar;C:\Users\jay_l\.m2\repository\com\github\java-json-tools\msg-simple\1.2\msg-simple-1.2.jar;C:\Users\jay_l\.m2\repository\com\github\java-json-tools\btf\1.3\btf-1.3.jar;C:\Users\jay_l\.m2\repository\com\github\java-json-tools\json-schema-core\1.2.14\json-schema-core-1.2.14.jar;C:\Users\jay_l\.m2\repository\com\github\java-json-tools\uri-template\0.10\uri-template-0.10.jar;C:\Users\jay_l\.m2\repository\org\mozilla\rhino\1.7.7.2\rhino-1.7.7.2.jar;C:\Users\jay_l\.m2\repository\com\sun\mail\mailapi\1.6.2\mailapi-1.6.2.jar;C:\Users\jay_l\.m2\repository\joda-time\joda-time\2.10.5\joda-time-2.10.5.jar;C:\Users\jay_l\.m2\repository\com\googlecode\libphonenumber\libphonenumber\8.11.1\libphonenumber-8.11.1.jar;C:\Users\jay_l\.m2\repository\com\google\code\findbugs\jsr305\3.0.2\jsr305-3.0.2.jar;C:\Users\jay_l\.m2\repository\net\sf\jopt-simple\jopt-simple\5.0.4\jopt-simple-5.0.4.jar;C:\Users\jay_l\.m2\repository\com\google\guava\guava\32.0.1-jre\guava-32.0.1-jre.jar;C:\Users\jay_l\.m2\repository\com\google\guava\failureaccess\1.0.1\failureaccess-1.0.1.jar;C:\Users\jay_l\.m2\repository\com\google\guava\listenablefuture\9999.0-empty-to-avoid-conflict-with-guava\listenablefuture-9999.0-empty-to-avoid-conflict-with-guava.jar;C:\Users\jay_l\.m2\repository\org\checkerframework\checker-qual\3.33.0\checker-qual-3.33.0.jar;C:\Users\jay_l\.m2\repository\com\google\errorprone\error_prone_annotations\2.18.0\error_prone_annotations-2.18.0.jar;C:\Users\jay_l\.m2\repository\com\google\j2objc\j2objc-annotations\2.8\j2objc-annotations-2.8.jar;C:\Users\jay_l\.m2\repository\io\rest-assured\spring-mock-mvc\5.3.2\spring-mock-mvc-5.3.2.jar;C:\Users\jay_l\.m2\repository\io\rest-assured\spring-commons\5.3.2\spring-commons-5.3.2.jar;C:\Users\jay_l\.m2\repository\org\springframework\spring-test\5.1.13.RELEASE\spring-test-5.1.13.RELEASE.jar;C:\Users\jay_l\.m2\repository\org\springframework\spring-core\5.1.13.RELEASE\spring-core-5.1.13.RELEASE.jar;C:\Users\jay_l\.m2\repository\org\springframework\spring-jcl\5.1.13.RELEASE\spring-jcl-5.1.13.RELEASE.jar;C:\Users\jay_l\.m2\repository\org\springframework\spring-webmvc\5.1.13.RELEASE\spring-webmvc-5.1.13.RELEASE.jar;C:\Users\jay_l\.m2\repository\org\springframework\spring-aop\5.1.13.RELEASE\spring-aop-5.1.13.RELEASE.jar;C:\Users\jay_l\.m2\repository\org\springframework\spring-beans\5.1.13.RELEASE\spring-beans-5.1.13.RELEASE.jar;C:\Users\jay_l\.m2\repository\org\springframework\spring-expression\5.1.13.RELEASE\spring-expression-5.1.13.RELEASE.jar;C:\Users\jay_l\.m2\repository\org\springframework\spring-web\5.1.13.RELEASE\spring-web-5.1.13.RELEASE.jar;C:\Users\jay_l\.m2\repository\io\rest-assured\spring-web-test-client\5.3.2\spring-web-test-client-5.3.2.jar;C:\Users\jay_l\.m2\repository\org\springframework\spring-context\5.1.13.RELEASE\spring-context-5.1.13.RELEASE.jar;C:\Users\jay_l\.m2\repository\org\synchronoss\cloud\nio-multipart-parser\1.1.0\nio-multipart-parser-1.1.0.jar;C:\Users\jay_l\.m2\repository\org\synchronoss\cloud\nio-stream-storage\1.1.3\nio-stream-storage-1.1.3.jar;C:\Users\jay_l\.m2\repository\io\rest-assured\scala-support\5.3.2\scala-support-5.3.2.jar;C:\Users\jay_l\.m2\repository\org\scala-lang\scala-library\2.13.0\scala-library-2.13.0.jar;C:\Users\jay_l\.m2\repository\org\testng\testng\7.8.0\testng-7.8.0.jar;C:\Users\jay_l\.m2\repository\org\slf4j\slf4j-api\1.7.36\slf4j-api-1.7.36.jar;C:\Users\jay_l\.m2\repository\com\beust\jcommander\1.82\jcommander-1.82.jar;C:\Users\jay_l\.m2\repository\org\webjars\jquery\3.6.1\jquery-3.6.1.jar;C:\Users\jay_l\.m2\repository\org\json\json\20231013\json-20231013.jar;C:\Users\jay_l\.m2\repository\com\opencsv\opencsv\5.9\opencsv-5.9.jar;C:\Users\jay_l\.m2\repository\org\apache\commons\commons-text\1.11.0\commons-text-1.11.0.jar;C:\Users\jay_l\.m2\repository\commons-beanutils\commons-beanutils\1.9.4\commons-beanutils-1.9.4.jar;C:\Users\jay_l\.m2\repository\commons-collections\commons-collections\3.2.2\commons-collections-3.2.2.jar;C:\Users\jay_l\.m2\repository\org\apache\commons\commons-collections4\4.4\commons-collections4-4.4.jar;C:\Users\jay_l\.m2\repository\org\apache\commons\commons-lang3\3.14.0\commons-lang3-3.14.0.jar;C:\Users\jay_l\.m2\repository\com\github\javafaker\javafaker\1.0.2\javafaker-1.0.2.jar;C:\Users\jay_l\.m2\repository\org\yaml\snakeyaml\1.23\snakeyaml-1.23-android.jar;C:\Users\jay_l\.m2\repository\com\github\mifmif\generex\1.0.2\generex-1.0.2.jar;C:\Users\jay_l\.m2\repository\dk\brics\automaton\automaton\1.11-8\automaton-1.11-8.jar;C:\Users\jay_l\.m2\repository\org\apache\poi\poi\5.2.5\poi-5.2.5.jar;C:\Users\jay_l\.m2\repository\commons-codec\commons-codec\1.16.0\commons-codec-1.16.0.jar;C:\Users\jay_l\.m2\repository\org\apache\commons\commons-math3\3.6.1\commons-math3-3.6.1.jar;C:\Users\jay_l\.m2\repository\com\zaxxer\SparseBitSet\1.3\SparseBitSet-1.3.jar;C:\Users\jay_l\.m2\repository\org\apache\poi\poi-ooxml\5.2.5\poi-ooxml-5.2.5.jar;C:\Users\jay_l\.m2\repository\org\apache\poi\poi-ooxml-lite\5.2.5\poi-ooxml-lite-5.2.5.jar;C:\Users\jay_l\.m2\repository\org\apache\xmlbeans\xmlbeans\5.2.0\xmlbeans-5.2.0.jar;C:\Users\jay_l\.m2\repository\org\apache\commons\commons-compress\1.25.0\commons-compress-1.25.0.jar;C:\Users\jay_l\.m2\repository\com\github\virtuald\curvesapi\1.08\curvesapi-1.08.jar;C:\Users\jay_l\.m2\repository\com\aventstack\extentreports\5.1.1\extentreports-5.1.1.jar;C:\Users\jay_l\.m2\repository\io\reactivex\rxjava3\rxjava\3.1.6\rxjava-3.1.6.jar;C:\Users\jay_l\.m2\repository\org\reactivestreams\reactive-streams\1.0.4\reactive-streams-1.0.4.jar;C:\Users\jay_l\.m2\repository\org\freemarker\freemarker\2.3.32\freemarker-2.3.32.jar;C:\Users\jay_l\.m2\repository\org\projectlombok\lombok\1.18.26\lombok-1.18.26.jar;C:\Users\jay_l\.m2\repository\com\google\code\gson\gson\2.10.1\gson-2.10.1.jar;C:\Users\jay_l\.m2\repository\commons-io\commons-io\2.15.1\commons-io-2.15.1.jar;C:\Users\jay_l\.m2\repository\org\apache\logging\log4j\log4j-api\2.22.0\log4j-api-2.22.0.jar;C:\Users\jay_l\.m2\repository\org\apache\logging\log4j\log4j-core\2.22.0\log4j-core-2.22.0.jar;"/>
    <property name="java.vm.vendor" value="Oracle Corporation"/>
    <property name="sun.arch.data.model" value="64"/>
    <property name="user.variant" value=""/>
    <property name="java.vendor.url" value="https://java.oracle.com/"/>
    <property name="user.timezone" value="Pacific/Auckland"/>
    <property name="os.name" value="Windows 11"/>
    <property name="java.vm.specification.version" value="21"/>
    <property name="sun.java.launcher" value="SUN_STANDARD"/>
    <property name="user.country" value="NZ"/>
    <property name="sun.boot.library.path" value="C:\Program Files\Java\jdk-21\bin"/>
    <property name="sun.java.command" value="C:\Users\jay_l\AppData\Local\Temp\surefire17721073764817890778\surefirebooter-20231228123819165_3.jar C:\Users\jay_l\AppData\Local\Temp\surefire17721073764817890778 2023-12-28T12-38-19_052-jvmRun1 surefire-20231228123819165_1tmp surefire_0-20231228123819165_2tmp"/>
    <property name="jdk.debug" value="release"/>
    <property name="surefire.test.class.path" value="C:\Joy Lunia\restAssuredTrainingWorkspace\RestAssuredFrameworkForPetStore\target\test-classes;C:\Joy Lunia\restAssuredTrainingWorkspace\RestAssuredFrameworkForPetStore\target\classes;C:\Users\jay_l\.m2\repository\io\rest-assured\rest-assured\5.3.2\rest-assured-5.3.2.jar;C:\Users\jay_l\.m2\repository\org\apache\groovy\groovy\4.0.11\groovy-4.0.11.jar;C:\Users\jay_l\.m2\repository\org\apache\groovy\groovy-xml\4.0.11\groovy-xml-4.0.11.jar;C:\Users\jay_l\.m2\repository\org\apache\httpcomponents\httpclient\4.5.13\httpclient-4.5.13.jar;C:\Users\jay_l\.m2\repository\org\apache\httpcomponents\httpcore\4.4.13\httpcore-4.4.13.jar;C:\Users\jay_l\.m2\repository\commons-logging\commons-logging\1.2\commons-logging-1.2.jar;C:\Users\jay_l\.m2\repository\org\apache\httpcomponents\httpmime\4.5.13\httpmime-4.5.13.jar;C:\Users\jay_l\.m2\repository\org\hamcrest\hamcrest\2.2\hamcrest-2.2.jar;C:\Users\jay_l\.m2\repository\org\ccil\cowan\tagsoup\tagsoup\1.2.1\tagsoup-1.2.1.jar;C:\Users\jay_l\.m2\repository\io\rest-assured\json-path\5.3.2\json-path-5.3.2.jar;C:\Users\jay_l\.m2\repository\org\apache\groovy\groovy-json\4.0.11\groovy-json-4.0.11.jar;C:\Users\jay_l\.m2\repository\io\rest-assured\rest-assured-common\5.3.2\rest-assured-common-5.3.2.jar;C:\Users\jay_l\.m2\repository\io\rest-assured\xml-path\5.3.2\xml-path-5.3.2.jar;C:\Users\jay_l\.m2\repository\io\rest-assured\json-schema-validator\5.3.2\json-schema-validator-5.3.2.jar;C:\Users\jay_l\.m2\repository\com\github\java-json-tools\json-schema-validator\2.2.14\json-schema-validator-2.2.14.jar;C:\Users\jay_l\.m2\repository\com\github\java-json-tools\jackson-coreutils-equivalence\1.0\jackson-coreutils-equivalence-1.0.jar;C:\Users\jay_l\.m2\repository\com\fasterxml\jackson\core\jackson-databind\2.11.0\jackson-databind-2.11.0.jar;C:\Users\jay_l\.m2\repository\com\fasterxml\jackson\core\jackson-annotations\2.11.0\jackson-annotations-2.11.0.jar;C:\Users\jay_l\.m2\repository\com\fasterxml\jackson\core\jackson-core\2.11.0\jackson-core-2.11.0.jar;C:\Users\jay_l\.m2\repository\com\github\java-json-tools\jackson-coreutils\2.0\jackson-coreutils-2.0.jar;C:\Users\jay_l\.m2\repository\com\github\java-json-tools\msg-simple\1.2\msg-simple-1.2.jar;C:\Users\jay_l\.m2\repository\com\github\java-json-tools\btf\1.3\btf-1.3.jar;C:\Users\jay_l\.m2\repository\com\github\java-json-tools\json-schema-core\1.2.14\json-schema-core-1.2.14.jar;C:\Users\jay_l\.m2\repository\com\github\java-json-tools\uri-template\0.10\uri-template-0.10.jar;C:\Users\jay_l\.m2\repository\org\mozilla\rhino\1.7.7.2\rhino-1.7.7.2.jar;C:\Users\jay_l\.m2\repository\com\sun\mail\mailapi\1.6.2\mailapi-1.6.2.jar;C:\Users\jay_l\.m2\repository\joda-time\joda-time\2.10.5\joda-time-2.10.5.jar;C:\Users\jay_l\.m2\repository\com\googlecode\libphonenumber\libphonenumber\8.11.1\libphonenumber-8.11.1.jar;C:\Users\jay_l\.m2\repository\com\google\code\findbugs\jsr305\3.0.2\jsr305-3.0.2.jar;C:\Users\jay_l\.m2\repository\net\sf\jopt-simple\jopt-simple\5.0.4\jopt-simple-5.0.4.jar;C:\Users\jay_l\.m2\repository\com\google\guava\guava\32.0.1-jre\guava-32.0.1-jre.jar;C:\Users\jay_l\.m2\repository\com\google\guava\failureaccess\1.0.1\failureaccess-1.0.1.jar;C:\Users\jay_l\.m2\repository\com\google\guava\listenablefuture\9999.0-empty-to-avoid-conflict-with-guava\listenablefuture-9999.0-empty-to-avoid-conflict-with-guava.jar;C:\Users\jay_l\.m2\repository\org\checkerframework\checker-qual\3.33.0\checker-qual-3.33.0.jar;C:\Users\jay_l\.m2\repository\com\google\errorprone\error_prone_annotations\2.18.0\error_prone_annotations-2.18.0.jar;C:\Users\jay_l\.m2\repository\com\google\j2objc\j2objc-annotations\2.8\j2objc-annotations-2.8.jar;C:\Users\jay_l\.m2\repository\io\rest-assured\spring-mock-mvc\5.3.2\spring-mock-mvc-5.3.2.jar;C:\Users\jay_l\.m2\repository\io\rest-assured\spring-commons\5.3.2\spring-commons-5.3.2.jar;C:\Users\jay_l\.m2\repository\org\springframework\spring-test\5.1.13.RELEASE\spring-test-5.1.13.RELEASE.jar;C:\Users\jay_l\.m2\repository\org\springframework\spring-core\5.1.13.RELEASE\spring-core-5.1.13.RELEASE.jar;C:\Users\jay_l\.m2\repository\org\springframework\spring-jcl\5.1.13.RELEASE\spring-jcl-5.1.13.RELEASE.jar;C:\Users\jay_l\.m2\repository\org\springframework\spring-webmvc\5.1.13.RELEASE\spring-webmvc-5.1.13.RELEASE.jar;C:\Users\jay_l\.m2\repository\org\springframework\spring-aop\5.1.13.RELEASE\spring-aop-5.1.13.RELEASE.jar;C:\Users\jay_l\.m2\repository\org\springframework\spring-beans\5.1.13.RELEASE\spring-beans-5.1.13.RELEASE.jar;C:\Users\jay_l\.m2\repository\org\springframework\spring-expression\5.1.13.RELEASE\spring-expression-5.1.13.RELEASE.jar;C:\Users\jay_l\.m2\repository\org\springframework\spring-web\5.1.13.RELEASE\spring-web-5.1.13.RELEASE.jar;C:\Users\jay_l\.m2\repository\io\rest-assured\spring-web-test-client\5.3.2\spring-web-test-client-5.3.2.jar;C:\Users\jay_l\.m2\repository\org\springframework\spring-context\5.1.13.RELEASE\spring-context-5.1.13.RELEASE.jar;C:\Users\jay_l\.m2\repository\org\synchronoss\cloud\nio-multipart-parser\1.1.0\nio-multipart-parser-1.1.0.jar;C:\Users\jay_l\.m2\repository\org\synchronoss\cloud\nio-stream-storage\1.1.3\nio-stream-storage-1.1.3.jar;C:\Users\jay_l\.m2\repository\io\rest-assured\scala-support\5.3.2\scala-support-5.3.2.jar;C:\Users\jay_l\.m2\repository\org\scala-lang\scala-library\2.13.0\scala-library-2.13.0.jar;C:\Users\jay_l\.m2\repository\org\testng\testng\7.8.0\testng-7.8.0.jar;C:\Users\jay_l\.m2\repository\org\slf4j\slf4j-api\1.7.36\slf4j-api-1.7.36.jar;C:\Users\jay_l\.m2\repository\com\beust\jcommander\1.82\jcommander-1.82.jar;C:\Users\jay_l\.m2\repository\org\webjars\jquery\3.6.1\jquery-3.6.1.jar;C:\Users\jay_l\.m2\repository\org\json\json\20231013\json-20231013.jar;C:\Users\jay_l\.m2\repository\com\opencsv\opencsv\5.9\opencsv-5.9.jar;C:\Users\jay_l\.m2\repository\org\apache\commons\commons-text\1.11.0\commons-text-1.11.0.jar;C:\Users\jay_l\.m2\repository\commons-beanutils\commons-beanutils\1.9.4\commons-beanutils-1.9.4.jar;C:\Users\jay_l\.m2\repository\commons-collections\commons-collections\3.2.2\commons-collections-3.2.2.jar;C:\Users\jay_l\.m2\repository\org\apache\commons\commons-collections4\4.4\commons-collections4-4.4.jar;C:\Users\jay_l\.m2\repository\org\apache\commons\commons-lang3\3.14.0\commons-lang3-3.14.0.jar;C:\Users\jay_l\.m2\repository\com\github\javafaker\javafaker\1.0.2\javafaker-1.0.2.jar;C:\Users\jay_l\.m2\repository\org\yaml\snakeyaml\1.23\snakeyaml-1.23-android.jar;C:\Users\jay_l\.m2\repository\com\github\mifmif\generex\1.0.2\generex-1.0.2.jar;C:\Users\jay_l\.m2\repository\dk\brics\automaton\automaton\1.11-8\automaton-1.11-8.jar;C:\Users\jay_l\.m2\repository\org\apache\poi\poi\5.2.5\poi-5.2.5.jar;C:\Users\jay_l\.m2\repository\commons-codec\commons-codec\1.16.0\commons-codec-1.16.0.jar;C:\Users\jay_l\.m2\repository\org\apache\commons\commons-math3\3.6.1\commons-math3-3.6.1.jar;C:\Users\jay_l\.m2\repository\com\zaxxer\SparseBitSet\1.3\SparseBitSet-1.3.jar;C:\Users\jay_l\.m2\repository\org\apache\poi\poi-ooxml\5.2.5\poi-ooxml-5.2.5.jar;C:\Users\jay_l\.m2\repository\org\apache\poi\poi-ooxml-lite\5.2.5\poi-ooxml-lite-5.2.5.jar;C:\Users\jay_l\.m2\repository\org\apache\xmlbeans\xmlbeans\5.2.0\xmlbeans-5.2.0.jar;C:\Users\jay_l\.m2\repository\org\apache\commons\commons-compress\1.25.0\commons-compress-1.25.0.jar;C:\Users\jay_l\.m2\repository\com\github\virtuald\curvesapi\1.08\curvesapi-1.08.jar;C:\Users\jay_l\.m2\repository\com\aventstack\extentreports\5.1.1\extentreports-5.1.1.jar;C:\Users\jay_l\.m2\repository\io\reactivex\rxjava3\rxjava\3.1.6\rxjava-3.1.6.jar;C:\Users\jay_l\.m2\repository\org\reactivestreams\reactive-streams\1.0.4\reactive-streams-1.0.4.jar;C:\Users\jay_l\.m2\repository\org\freemarker\freemarker\2.3.32\freemarker-2.3.32.jar;C:\Users\jay_l\.m2\repository\org\projectlombok\lombok\1.18.26\lombok-1.18.26.jar;C:\Users\jay_l\.m2\repository\com\google\code\gson\gson\2.10.1\gson-2.10.1.jar;C:\Users\jay_l\.m2\repository\commons-io\commons-io\2.15.1\commons-io-2.15.1.jar;C:\Users\jay_l\.m2\repository\org\apache\logging\log4j\log4j-api\2.22.0\log4j-api-2.22.0.jar;C:\Users\jay_l\.m2\repository\org\apache\logging\log4j\log4j-core\2.22.0\log4j-core-2.22.0.jar;"/>
    <property name="sun.cpu.endian" value="little"/>
    <property name="user.home" value="C:\Users\jay_l"/>
    <property name="user.language" value="en"/>
    <property name="java.specification.vendor" value="Oracle Corporation"/>
    <property name="java.version.date" value="2023-10-17"/>
    <property name="java.home" value="C:\Program Files\Java\jdk-21"/>
    <property name="file.separator" value="\"/>
    <property name="basedir" value="C:\Joy Lunia\restAssuredTrainingWorkspace\RestAssuredFrameworkForPetStore"/>
    <property name="java.vm.compressedOopsMode" value="Zero based"/>
    <property name="line.separator" value="&#10;"/>
    <property name="java.vm.specification.vendor" value="Oracle Corporation"/>
    <property name="java.specification.name" value="Java Platform API Specification"/>
    <property name="surefire.real.class.path" value="C:\Users\jay_l\AppData\Local\Temp\surefire17721073764817890778\surefirebooter-20231228123819165_3.jar"/>
    <property name="user.script" value=""/>
    <property name="sun.management.compiler" value="HotSpot 64-Bit Tiered Compilers"/>
    <property name="java.runtime.version" value="21.0.1+12-LTS-29"/>
    <property name="user.name" value="jay_l"/>
    <property name="stdout.encoding" value="Cp1252"/>
    <property name="path.separator" value=";"/>
    <property name="os.version" value="10.0"/>
    <property name="java.runtime.name" value="Java(TM) SE Runtime Environment"/>
    <property name="file.encoding" value="UTF-8"/>
    <property name="java.vm.name" value="Java HotSpot(TM) 64-Bit Server VM"/>
    <property name="localRepository" value="C:\Users\jay_l\.m2\repository"/>
    <property name="java.vendor.url.bug" value="https://bugreport.java.com/bugreport/"/>
    <property name="java.io.tmpdir" value="C:\Users\jay_l\AppData\Local\Temp\"/>
    <property name="java.version" value="21.0.1"/>
    <property name="user.dir" value="C:\Joy Lunia\restAssuredTrainingWorkspace\RestAssuredFrameworkForPetStore"/>
    <property name="os.arch" value="amd64"/>
    <property name="java.vm.specification.name" value="Java Virtual Machine Specification"/>
    <property name="sun.os.patch.level" value=""/>
    <property name="native.encoding" value="Cp1252"/>
    <property name="java.library.path" value="C:\Program Files\Java\jdk-21\bin;C:\Windows\Sun\Java\bin;C:\Windows\system32;C:\Windows;C:\Program Files\Common Files\Oracle\Java\javapath;C:\Program Files (x86)\Common Files\Oracle\Java\javapath;C:\Python312\Scripts\;C:\Python312\;C:\Windows\system32;C:\Windows;C:\Windows\System32\Wbem;C:\Windows\System32\WindowsPowerShell\v1.0\;C:\Windows\System32\OpenSSH\;C:\Program Files\nodejs\;C:\ProgramData\chocolatey\bin;C:\apache-maven-3.9.6\bin;C:\Users\jay_l\AppData\Local\Microsoft\WindowsApps;C:\Users\jay_l\AppData\Roaming\npm;."/>
    <property name="java.vm.info" value="mixed mode, sharing"/>
    <property name="stderr.encoding" value="Cp1252"/>
    <property name="java.vendor" value="Oracle Corporation"/>
    <property name="java.vm.version" value="21.0.1+12-LTS-29"/>
    <property name="sun.io.unicode.encoding" value="UnicodeLittle"/>
    <property name="java.class.version" value="65.0"/>
  </properties>
  <testcase name="testCreatePetUsingPropertiesFile" classname="api.test.PetTests" time="2.679">
    <system-out><![CDATA[DEBUG StatusConsoleListener Apache Log4j Core 2.22 initializing configuration XmlConfiguration[location=C:\Joy Lunia\restAssuredTrainingWorkspace\RestAssuredFrameworkForPetStore\target\test-classes\log4j2.xml]
DEBUG StatusConsoleListener PluginManager 'Core' found 131 plugins
DEBUG StatusConsoleListener PluginManager 'Level' found 0 plugins
DEBUG StatusConsoleListener Building Plugin[name=property, class=org.apache.logging.log4j.core.config.Property].
DEBUG StatusConsoleListener PluginManager 'TypeConverter' found 26 plugins
DEBUG StatusConsoleListener createProperty(name="basePath", value="./logs", Configuration(C:\Joy Lunia\restAssuredTrainingWorkspace\RestAssuredFrameworkForPetStore\target\test-classes\log4j2.xml))
DEBUG StatusConsoleListener Building Plugin[name=properties, class=org.apache.logging.log4j.core.config.PropertiesPlugin].
DEBUG StatusConsoleListener configureSubstitutor(={basePath=./logs}, Configuration(C:\Joy Lunia\restAssuredTrainingWorkspace\RestAssuredFrameworkForPetStore\target\test-classes\log4j2.xml))
DEBUG StatusConsoleListener PluginManager 'Lookup' found 16 plugins
DEBUG StatusConsoleListener Building Plugin[name=layout, class=org.apache.logging.log4j.core.layout.PatternLayout].
DEBUG StatusConsoleListener PatternLayout$Builder(pattern="%d{HH:mm:ss.SSS} [%t] %-5level %logger{36} - %msg%n", PatternSelector=null, Configuration(C:\Joy Lunia\restAssuredTrainingWorkspace\RestAssuredFrameworkForPetStore\target\test-classes\log4j2.xml), Replace=null, charset="null", alwaysWriteExceptions="null", disableAnsi="null", noConsoleNoAnsi="null", header="null", footer="null")
DEBUG StatusConsoleListener PluginManager 'Converter' found 45 plugins
DEBUG StatusConsoleListener Building Plugin[name=appender, class=org.apache.logging.log4j.core.appender.ConsoleAppender].
DEBUG StatusConsoleListener ConsoleAppender$Builder(target="SYSTEM_OUT", follow="null", direct="null", bufferedIo="null", bufferSize="null", immediateFlush="null", ignoreExceptions="null", PatternLayout(%d{HH:mm:ss.SSS} [%t] %-5level %logger{36} - %msg%n), name="LogToConsole", Configuration(C:\Joy Lunia\restAssuredTrainingWorkspace\RestAssuredFrameworkForPetStore\target\test-classes\log4j2.xml), Filter=null, ={})
DEBUG StatusConsoleListener Starting OutputStreamManager SYSTEM_OUT.false.false
DEBUG StatusConsoleListener Building Plugin[name=layout, class=org.apache.logging.log4j.core.layout.PatternLayout].
DEBUG StatusConsoleListener PatternLayout$Builder(pattern="%d %p %c{1.} [%t] %m%n", PatternSelector=null, Configuration(C:\Joy Lunia\restAssuredTrainingWorkspace\RestAssuredFrameworkForPetStore\target\test-classes\log4j2.xml), Replace=null, charset="null", alwaysWriteExceptions="null", disableAnsi="null", noConsoleNoAnsi="null", header="null", footer="null")
DEBUG StatusConsoleListener Building Plugin[name=appender, class=org.apache.logging.log4j.core.appender.FileAppender].
DEBUG StatusConsoleListener FileAppender$Builder(fileName="logs/app.log", append="null", locking="null", advertise="null", advertiseUri="null", createOnDemand="null", filePermissions="null", fileOwner="null", fileGroup="null", bufferedIo="null", bufferSize="null", immediateFlush="null", ignoreExceptions="null", PatternLayout(%d %p %c{1.} [%t] %m%n), name="LogToFile", Configuration(C:\Joy Lunia\restAssuredTrainingWorkspace\RestAssuredFrameworkForPetStore\target\test-classes\log4j2.xml), Filter=null, ={})
DEBUG StatusConsoleListener Starting FileManager logs/app.log
DEBUG StatusConsoleListener Building Plugin[name=appenders, class=org.apache.logging.log4j.core.config.AppendersPlugin].
DEBUG StatusConsoleListener createAppenders(={LogToConsole, LogToFile})
DEBUG StatusConsoleListener Building Plugin[name=AppenderRef, class=org.apache.logging.log4j.core.config.AppenderRef].
DEBUG StatusConsoleListener createAppenderRef(ref="LogToFile", level="null", Filter=null)
DEBUG StatusConsoleListener Building Plugin[name=AppenderRef, class=org.apache.logging.log4j.core.config.AppenderRef].
DEBUG StatusConsoleListener createAppenderRef(ref="LogToConsole", level="null", Filter=null)
DEBUG StatusConsoleListener Building Plugin[name=logger, class=org.apache.logging.log4j.core.config.LoggerConfig].
DEBUG StatusConsoleListener LoggerConfig$Builder(additivity="false", level="DEBUG", levelAndRefs="null", name="com.mkyong", includeLocation="null", ={LogToFile, LogToConsole}, ={}, Configuration(C:\Joy Lunia\restAssuredTrainingWorkspace\RestAssuredFrameworkForPetStore\target\test-classes\log4j2.xml), Filter=null)
DEBUG StatusConsoleListener Building Plugin[name=AppenderRef, class=org.apache.logging.log4j.core.config.AppenderRef].
DEBUG StatusConsoleListener createAppenderRef(ref="LogToConsole", level="null", Filter=null)
DEBUG StatusConsoleListener Building Plugin[name=logger, class=org.apache.logging.log4j.core.config.LoggerConfig].
DEBUG StatusConsoleListener LoggerConfig$Builder(additivity="false", level="ERROR", levelAndRefs="null", name="org.springframework.boot", includeLocation="null", ={LogToConsole}, ={}, Configuration(C:\Joy Lunia\restAssuredTrainingWorkspace\RestAssuredFrameworkForPetStore\target\test-classes\log4j2.xml), Filter=null)
DEBUG StatusConsoleListener Building Plugin[name=AppenderRef, class=org.apache.logging.log4j.core.config.AppenderRef].
DEBUG StatusConsoleListener createAppenderRef(ref="LogToFile", level="null", Filter=null)
DEBUG StatusConsoleListener Building Plugin[name=AppenderRef, class=org.apache.logging.log4j.core.config.AppenderRef].
DEBUG StatusConsoleListener createAppenderRef(ref="LogToConsole", level="null", Filter=null)
DEBUG StatusConsoleListener Building Plugin[name=root, class=org.apache.logging.log4j.core.config.LoggerConfig$RootLogger].
DEBUG StatusConsoleListener LoggerConfig$RootLogger$Builder(additivity="null", level="ERROR", levelAndRefs="null", includeLocation="null", ={LogToFile, LogToConsole}, ={}, Configuration(C:\Joy Lunia\restAssuredTrainingWorkspace\RestAssuredFrameworkForPetStore\target\test-classes\log4j2.xml), Filter=null)
DEBUG StatusConsoleListener Building Plugin[name=loggers, class=org.apache.logging.log4j.core.config.LoggersPlugin].
DEBUG StatusConsoleListener createLoggers(={com.mkyong, org.springframework.boot, root})
DEBUG StatusConsoleListener Configuration XmlConfiguration[location=C:\Joy Lunia\restAssuredTrainingWorkspace\RestAssuredFrameworkForPetStore\target\test-classes\log4j2.xml] initialized
DEBUG StatusConsoleListener Starting configuration XmlConfiguration[location=C:\Joy Lunia\restAssuredTrainingWorkspace\RestAssuredFrameworkForPetStore\target\test-classes\log4j2.xml]
DEBUG StatusConsoleListener Started configuration XmlConfiguration[location=C:\Joy Lunia\restAssuredTrainingWorkspace\RestAssuredFrameworkForPetStore\target\test-classes\log4j2.xml] OK.
DEBUG StatusConsoleListener Shutting down OutputStreamManager SYSTEM_OUT.false.false-1
DEBUG StatusConsoleListener OutputStream closed
DEBUG StatusConsoleListener Shut down OutputStreamManager SYSTEM_OUT.false.false-1, all resources released: true
DEBUG StatusConsoleListener Appender DefaultConsole-1 stopped with status true
DEBUG StatusConsoleListener Stopped org.apache.logging.log4j.core.config.DefaultConfiguration@478db956 OK
DEBUG StatusConsoleListener Registering MBean org.apache.logging.log4j2:type=70dea4e
DEBUG StatusConsoleListener Registering MBean org.apache.logging.log4j2:type=70dea4e,component=StatusLogger
DEBUG StatusConsoleListener Registering MBean org.apache.logging.log4j2:type=70dea4e,component=ContextSelector
DEBUG StatusConsoleListener Registering MBean org.apache.logging.log4j2:type=70dea4e,component=Loggers,name=org.springframework.boot
DEBUG StatusConsoleListener Registering MBean org.apache.logging.log4j2:type=70dea4e,component=Loggers,name=
DEBUG StatusConsoleListener Registering MBean org.apache.logging.log4j2:type=70dea4e,component=Loggers,name=com.mkyong
DEBUG StatusConsoleListener Registering MBean org.apache.logging.log4j2:type=70dea4e,component=Appenders,name=LogToConsole
DEBUG StatusConsoleListener Registering MBean org.apache.logging.log4j2:type=70dea4e,component=Appenders,name=LogToFile
DEBUG StatusConsoleListener org.apache.logging.log4j.core.util.SystemClock supports precise timestamps.
DEBUG StatusConsoleListener Reconfiguration complete for context[name=70dea4e] at URI C:\Joy Lunia\restAssuredTrainingWorkspace\RestAssuredFrameworkForPetStore\target\test-classes\log4j2.xml (org.apache.logging.log4j.core.LoggerContext@6d304f9d) with optional ClassLoader: null
DEBUG StatusConsoleListener Shutdown hook enabled. Registering a new one.
DEBUG StatusConsoleListener LoggerContext[name=70dea4e, org.apache.logging.log4j.core.LoggerContext@6d304f9d] started OK.
api.payload.Pet@7d97e06cPATH via Resource Bundle is:https://petstore.swagger.io/v2/pet
{
    "id": 9223372036854775807,
    "category": {
        "id": 0,
        "name": "Patricia"
    },
    "name": "Rey",
    "tags": [
        {
            "id": 0,
            "name": "Nell"
        },
        {
            "id": 0,
            "name": "Jamal"
        },
        {
            "id": 0,
            "name": "Leora"
        },
        {
            "id": 0,
            "name": "Will"
        }
    ],
    "status": "Claire Voyance"
}
]]></system-out>
    <system-err><![CDATA[SLF4J: Failed to load class "org.slf4j.impl.StaticLoggerBinder".
SLF4J: Defaulting to no-operation (NOP) logger implementation
SLF4J: See http://www.slf4j.org/codes.html#StaticLoggerBinder for further details.
]]></system-err>
  </testcase>
  <testcase name="testCreateOrder" classname="api.test.StoreTests" time="1.135">
    <system-out><![CDATA[ Id Generated: 0
 Pet Id Generated: 0
 Quantity Generated: 0
 Ship Date Generated: Fri Dec 23 12:33:26 NZDT 1994
 Status Generated: AB+
 Completed Generated: Barney
{
    "code": 500,
    "type": "unknown",
    "message": "something bad happened"
}
]]></system-out>
  </testcase>
  <testcase name="testGetOrder" classname="api.test.StoreTests" time="1.307">
    <system-out><![CDATA[order Id Passed = 8
URL = https://petstore.swagger.io/v2/store/order/{orderId}
{
    "id": 8,
    "petId": 543754738752214699,
    "quantity": 431,
    "shipDate": "2024-01-15T12:45:51.317+0000",
    "status": "available",
    "complete": true
}
]]></system-out>
  </testcase>
  <testcase name="testDeleteOrder" classname="api.test.StoreTests" time="1.151">
    <system-out><![CDATA[{
    "code": 404,
    "type": "unknown",
    "message": "Order Not Found"
}
]]></system-out>
  </testcase>
  <testcase name="testCreateUser" classname="api.test.UserTests" time="1.455">
    <system-out><![CDATA[Payload from End Point = api.payload.User@640890bcHTTP/1.1 404 Not Found
Date: Wed, 27 Dec 2023 23:38:26 GMT
Content-Type: text/html
Transfer-Encoding: chunked
Connection: keep-alive
Server: nginx
Vary: Accept-Encoding
Access-Control-Allow-Origin: *
Access-Control-Allow-Methods: GET, POST, OPTIONS
Access-Control-Allow-Headers: DNT,X-CustomHeader,Keep-Alive,User-Agent,X-Requested-With,If-Modified-Since,Cache-Control,Content-Type
Content-Encoding: gzip

<html>
  <head>
    <title>404 Not Found</title>
  </head>
  <body>
    <center>
      <h1>404 Not Found</h1>
    </center>
    <hr/>
    <center>nginx</center>
  </body>
</html>
]]></system-out>
  </testcase>
  <testcase name="testGetUser" classname="api.test.UserTests" time="1.114">
    <system-out><![CDATA[Username for get User = stewart.kshlerin
{
    "code": 1,
    "type": "error",
    "message": "User not found"
}
]]></system-out>
  </testcase>
  <testcase name="testUpdateUser" classname="api.test.UserTests" time="2.212">
    <system-out><![CDATA[Username for update user = stewart.kshlerin
Username for updated user = stewart.kshlerin
{
    "code": 200,
    "type": "unknown",
    "message": "696327501"
}
{
    "id": 696327501,
    "username": "stewart.kshlerin",
    "firstName": "Evan",
    "lastName": "Koepp",
    "email": "harris.mills@gmail.com",
    "password": "pnwpvfi4b",
    "phone": "536.223.5530",
    "userStatus": 0
}
]]></system-out>
  </testcase>
  <testcase name="testDeleteUser" classname="api.test.UserTests" time="1.166">
    <system-out><![CDATA[{
    "id": 696327501,
    "username": "stewart.kshlerin",
    "firstName": "Evan",
    "lastName": "Koepp",
    "email": "harris.mills@gmail.com",
    "password": "pnwpvfi4b",
    "phone": "536.223.5530",
    "userStatus": 0
}
]]></system-out>
  </testcase>
</testsuite>