<?xml version="1.0" encoding="UTF-8"?>
<!-- Generated by org.testng.reporters.JUnitReportReporter -->
<testsuite hostname="JayPooja" failures="0" tests="3" name="api.test.StoreTests" time="3.896" errors="0" timestamp="2023-12-27T19:10:31 NZDT" skipped="0">
  <testcase classname="api.test.StoreTests" name="testCreateOrder" time="1.130"/>
  <testcase classname="api.test.StoreTests" name="testGetOrder" time="1.655"/>
  <testcase classname="api.test.StoreTests" name="testDeleteOrder" time="1.111"/>
</testsuite> <!-- api.test.StoreTests -->
