<?xml version="1.0" encoding="UTF-8"?>
<!-- Generated by org.testng.reporters.JUnitReportReporter -->
<testsuite hostname="JayPooja" failures="0" tests="4" name="api.test.UserTests" time="5.695" errors="0" timestamp="2023-12-27T19:10:31 NZDT" skipped="0">
  <testcase classname="api.test.UserTests" name="testCreateUser" time="1.167"/>
  <testcase classname="api.test.UserTests" name="testGetUser" time="1.122"/>
  <testcase classname="api.test.UserTests" name="testUpdateUser" time="2.288"/>
  <testcase classname="api.test.UserTests" name="testDeleteUser" time="1.118"/>
</testsuite> <!-- api.test.UserTests -->
