<?xml version="1.0" encoding="UTF-8"?>
<!-- Generated by org.testng.reporters.JUnitReportReporter -->
<testsuite hostname="JayPooja" failures="0" tests="3" name="api.test.StoreTests" time="3.563" errors="0" timestamp="2023-12-28T12:38:32 NZDT" skipped="0">
  <testcase classname="api.test.StoreTests" name="testCreateOrder" time="1.127"/>
  <testcase classname="api.test.StoreTests" name="testGetOrder" time="1.318"/>
  <testcase classname="api.test.StoreTests" name="testDeleteOrder" time="1.118"/>
</testsuite> <!-- api.test.StoreTests -->
