<?xml version="1.0" encoding="UTF-8"?>
<!-- Generated by org.testng.reporters.JUnitReportReporter -->
<testsuite hostname="JayPooja" failures="0" tests="1" name="api.test.PetTests" time="2.680" errors="0" timestamp="2023-12-28T12:38:32 NZDT" skipped="0">
  <testcase classname="api.test.PetTests" name="testCreatePetUsingPropertiesFile" time="2.680"/>
</testsuite> <!-- api.test.PetTests -->
