<?xml version="1.0" encoding="UTF-8"?>
<!-- Generated by org.testng.reporters.JUnitReportReporter -->
<testsuite hostname="JayPooja" failures="0" tests="4" name="api.test.UserTests" time="5.561" errors="0" timestamp="2023-12-29T13:49:06 NZDT" skipped="0">
  <testcase classname="api.test.UserTests" name="testCreateUser" time="1.115"/>
  <testcase classname="api.test.UserTests" name="testGetUser" time="1.114"/>
  <testcase classname="api.test.UserTests" name="testUpdateUser" time="2.222"/>
  <testcase classname="api.test.UserTests" name="testDeleteUser" time="1.110"/>
</testsuite> <!-- api.test.UserTests -->
